<?xml version="1.0" encoding="UTF-8"?>
<!-- Generated by org.testng.reporters.JUnitReportReporter -->
<testsuite hostname="Siless-MacBook-Pro.local" failures="0" tests="3" name="co.android.tests.ConnectivityTest" time="0.740" errors="0" timestamp="2023-04-26T14:44:49 PDT" skipped="0">
  <testcase classname="co.android.tests.ConnectivityTest" name="validateDashboardTilte" time="0.108"/>
  <system-out>
    <![CDATA[Completed checking the title]]>
  </system-out>
  <testcase classname="co.android.tests.ConnectivityTest" name="checkIfDashboardIsVisible" time="0.452"/>
  <system-out/>
  <testcase classname="co.android.tests.ConnectivityTest" name="scanningQRTest" time="0.180"/>
  <system-out/>
</testsuite> <!-- co.android.tests.ConnectivityTest -->
