<?xml version="1.0" encoding="UTF-8"?>
<!-- Generated by org.testng.reporters.JUnitReportReporter -->
<testsuite hostname="Siless-MacBook-Pro.local" failures="0" tests="2" name="co.android.tests.ConnectivityTest" time="0.569" errors="0" timestamp="2023-03-29T15:38:25 PDT" skipped="0">
  <testcase classname="co.android.tests.ConnectivityTest" name="validateDashboardTilte" time="0.059"/>
  <system-out>
    <![CDATA[Completed checking the title]]>
  </system-out>
  <testcase classname="co.android.tests.ConnectivityTest" name="checkIfDashboardIsVisible" time="0.510"/>
  <system-out/>
</testsuite> <!-- co.android.tests.ConnectivityTest -->
